Build started 10/9/2012 12:48:00 PM.
     1>Project "C:\Development\Pwnt\PythonQt\build\CMakeFiles\2.8.9.20121005-gf52c0\CompilerIdCXX\CompilerIdCXX.vcxproj" on node 2 (Build target(s)).
     1>InitializeBuildStatus:
         Creating "Debug\CompilerIdCXX.unsuccessfulbuild" because "AlwaysCreate" was specified.
       ClCompile:
         C:\Program Files (x86)\Microsoft Visual Studio 11.0\VC\bin\CL.exe /c /nologo /W0 /WX- /Od /Oy- /D _MBCS /Gm- /EHsc /RTC1 /MDd /GS /fp:precise /Zc:wchar_t /Zc:forScope /Fo"Debug\\" /Fd"Debug\vc110.pdb" /Gd /TP /analyze- /errorReport:prompt CMakeCXXCompilerId.cpp
         CMakeCXXCompilerId.cpp
       Link:
         C:\Program Files (x86)\Microsoft Visual Studio 11.0\VC\bin\link.exe /ERRORREPORT:PROMPT /OUT:".\CompilerIdCXX.exe" /INCREMENTAL:NO /NOLOGO kernel32.lib user32.lib gdi32.lib winspool.lib comdlg32.lib advapi32.lib shell32.lib ole32.lib oleaut32.lib uuid.lib odbc32.lib odbccp32.lib /MANIFEST /MANIFESTUAC:"level='asInvoker' uiAccess='false'" /manifest:embed /PDB:".\CompilerIdCXX.pdb" /SUBSYSTEM:CONSOLE /TLBID:1 /DYNAMICBASE /NXCOMPAT /IMPLIB:".\CompilerIdCXX.lib" /MACHINE:X86 /SAFESEH Debug\CMakeCXXCompilerId.obj
         CompilerIdCXX.vcxproj -> C:\Development\Pwnt\PythonQt\build\CMakeFiles\2.8.9.20121005-gf52c0\CompilerIdCXX\.\CompilerIdCXX.exe
       PostBuildEvent:
         for %%i in (cl.exe) do @echo CMAKE_CXX_COMPILER=%%~$PATH:i
         :VCEnd
         CMAKE_CXX_COMPILER=C:\Program Files (x86)\Microsoft Visual Studio 11.0\VC\bin\cl.exe
       FinalizeBuildStatus:
         Deleting file "Debug\CompilerIdCXX.unsuccessfulbuild".
         Touching "Debug\CompilerIdCXX.lastbuildstate".
     1>Done Building Project "C:\Development\Pwnt\PythonQt\build\CMakeFiles\2.8.9.20121005-gf52c0\CompilerIdCXX\CompilerIdCXX.vcxproj" (Build target(s)).

Build succeeded.

Time Elapsed 00:00:00.13
